-------------------------------------------------------------------------------
Test set: com.example.demo.PeopleAndOrganizationsApiGraphqlApplicationTests
-------------------------------------------------------------------------------
Tests run: 1, Failures: 0, Errors: 1, Skipped: 0, Time elapsed: 0.266 s <<< FAILURE! - in com.example.demo.PeopleAndOrganizationsApiGraphqlApplicationTests
com.example.demo.PeopleAndOrganizationsApiGraphqlApplicationTests  Time elapsed: 0.265 s  <<< ERROR!
java.lang.IllegalStateException: Unable to find a @SpringBootConfiguration, you need to use @ContextConfiguration or @SpringBootTest(classes=...) with your test

